[2026-01-12T12:59:38.596Z] [INFO] process start {"argv":["C:\\Users\\82103\\Documents\\GitHub\\naver_reserv\\dist\\app.exe","C:\\Users\\82103\\Documents\\GitHub\\naver_reserv\\dist\\app.exe"],"cwd":"C:\\Users\\82103\\Documents\\GitHub\\naver_reserv\\dist","execPath":"C:\\Users\\82103\\Documents\\GitHub\\naver_reserv\\dist\\app.exe","node":"v20.18.3","platform":"win32"}
[2026-01-12T12:59:38.599Z] [INFO] logPath C:\Users\82103\Documents\GitHub\naver_reserv\dist\app.log
[2026-01-12T12:59:38.648Z] [INFO] naverReserv start
[2026-01-12T12:59:38.648Z] [INFO] creating WebDriver
[2026-01-12T12:59:38.652Z] [FATAL] unhandledRejection Error: Unable to obtain browser driver.
        For more information on how to install drivers see
        https://www.selenium.dev/documentation/webdriver/troubleshooting/errors/driver_location/. Error: Unable to obtain Selenium Manager at C:\Users\82103\Documents\GitHub\naver_reserv\bin\windows\selenium-manager.exe
    at GR (C:\Users\82103\AppData\Local\Temp\2026012-10396-d5pr5c.wwyvb.astra.cjs:56:13204)
    at r.createSession (C:\Users\82103\AppData\Local\Temp\2026012-10396-d5pr5c.wwyvb.astra.cjs:58:5513)
    at r.createSession (C:\Users\82103\AppData\Local\Temp\2026012-10396-d5pr5c.wwyvb.astra.cjs:58:8188)
    at Sn (C:\Users\82103\AppData\Local\Temp\2026012-10396-d5pr5c.wwyvb.astra.cjs:59:22819)
    at yp.build (C:\Users\82103\AppData\Local\Temp\2026012-10396-d5pr5c.wwyvb.astra.cjs:59:26731)
    at RL (C:\Users\82103\AppData\Local\Temp\2026012-10396-d5pr5c.wwyvb.astra.cjs:60:956)
    at C:\Users\82103\AppData\Local\Temp\2026012-10396-d5pr5c.wwyvb.astra.cjs:60:1726
    at embedderRunCjs (node:internal/util/embedding:35:10)
[2026-01-12T13:11:03.784Z] [INFO] process start {"argv":["C:\\Users\\82103\\Documents\\GitHub\\naver_reserv\\dist\\app.exe","C:\\Users\\82103\\Documents\\GitHub\\naver_reserv\\dist\\app.exe"],"cwd":"C:\\Users\\82103\\Documents\\GitHub\\naver_reserv\\dist","execPath":"C:\\Users\\82103\\Documents\\GitHub\\naver_reserv\\dist\\app.exe","node":"v20.18.3","platform":"win32"}
[2026-01-12T13:11:03.789Z] [INFO] logPath C:\Users\82103\Documents\GitHub\naver_reserv\dist\app.log
[2026-01-12T13:11:03.867Z] [INFO] naverReserv start
[2026-01-12T13:11:03.867Z] [INFO] creating WebDriver
[2026-01-12T13:11:03.868Z] [INFO] using chromedriver {"driverPath":"C:\\Users\\82103\\Documents\\GitHub\\naver_reserv\\dist\\chromedriver.exe","exists":true}
[2026-01-12T13:11:05.139Z] [INFO] navigating https://m.booking.naver.com/booking/6/bizes/551459/items/4033828?area=bmp&lang=ko&map-search=1&service-target=map-pc&startDate=2026-01-17&startDateTime=2026-01-17T16%3A00%3A00%2B09%3A00&theme=place
[2026-01-12T13:11:07.190Z] [INFO] page loaded
[2026-01-12T13:11:07.190Z] [INFO] scrolling to bottom
[2026-01-12T13:11:07.501Z] [INFO] waiting next button
[2026-01-12T13:11:08.932Z] [ERROR] naverReserv error Ps: invalid session id: session deleted as the browser has closed the connection
from disconnected: not connected to DevTools
  (Session info: chrome=143.0.7499.193)
    at Object.sC [as throwDecodedError] (C:\Users\82103\AppData\Local\Temp\2026012-19448-qb9567.payy.astra.cjs:23:28255)
    at FC (C:\Users\82103\AppData\Local\Temp\2026012-19448-qb9567.payy.astra.cjs:34:120)
    at Dc.execute (C:\Users\82103\AppData\Local\Temp\2026012-19448-qb9567.payy.astra.cjs:33:34)
    at process.processTicksAndRejections (node:internal/process/task_queues:95:5)
    at async bp.execute (C:\Users\82103\AppData\Local\Temp\2026012-19448-qb9567.payy.astra.cjs:60:1144)
    at async bp.findElements (C:\Users\82103\AppData\Local\Temp\2026012-19448-qb9567.payy.astra.cjs:62:1840)
[2026-01-12T13:11:08.948Z] [INFO] naverReserv finally
[2026-01-12T13:11:22.917Z] [INFO] process start {"argv":["C:\\Users\\82103\\Documents\\GitHub\\naver_reserv\\dist\\app.exe","C:\\Users\\82103\\Documents\\GitHub\\naver_reserv\\dist\\app.exe"],"cwd":"C:\\Users\\82103\\Documents\\GitHub\\naver_reserv\\dist","execPath":"C:\\Users\\82103\\Documents\\GitHub\\naver_reserv\\dist\\app.exe","node":"v20.18.3","platform":"win32"}
[2026-01-12T13:11:22.920Z] [INFO] logPath C:\Users\82103\Documents\GitHub\naver_reserv\dist\app.log
[2026-01-12T13:11:22.971Z] [INFO] naverReserv start
[2026-01-12T13:11:22.971Z] [INFO] creating WebDriver
[2026-01-12T13:11:22.972Z] [INFO] using chromedriver {"driverPath":"C:\\Users\\82103\\Documents\\GitHub\\naver_reserv\\dist\\chromedriver.exe","exists":true}
[2026-01-12T13:11:24.005Z] [INFO] navigating https://m.booking.naver.com/booking/6/bizes/551459/items/4033828?area=bmp&lang=ko&map-search=1&service-target=map-pc&startDate=2026-01-17&startDateTime=2026-01-17T16%3A00%3A00%2B09%3A00&theme=place
[2026-01-12T13:11:25.931Z] [INFO] page loaded
[2026-01-12T13:11:25.931Z] [INFO] scrolling to bottom
[2026-01-12T13:11:26.271Z] [INFO] waiting next button
[2026-01-12T13:11:28.586Z] [ERROR] naverReserv error Ps: invalid session id: session deleted as the browser has closed the connection
from disconnected: not connected to DevTools
  (Session info: chrome=143.0.7499.193)
    at Object.sC [as throwDecodedError] (C:\Users\82103\AppData\Local\Temp\2026012-19448-qb9567.payy.astra.cjs:23:28255)
    at FC (C:\Users\82103\AppData\Local\Temp\2026012-19448-qb9567.payy.astra.cjs:34:120)
    at Dc.execute (C:\Users\82103\AppData\Local\Temp\2026012-19448-qb9567.payy.astra.cjs:33:34)
    at process.processTicksAndRejections (node:internal/process/task_queues:95:5)
    at async bp.execute (C:\Users\82103\AppData\Local\Temp\2026012-19448-qb9567.payy.astra.cjs:60:1144)
    at async bp.findElements (C:\Users\82103\AppData\Local\Temp\2026012-19448-qb9567.payy.astra.cjs:62:1840)
[2026-01-12T13:11:28.612Z] [INFO] naverReserv finally
[2026-01-12T13:32:19.826Z] [INFO] process start {"argv":["C:\\Users\\82103\\Documents\\GitHub\\naver_reserv\\dist\\app.exe","C:\\Users\\82103\\Documents\\GitHub\\naver_reserv\\dist\\app.exe"],"cwd":"C:\\Users\\82103\\Documents\\GitHub\\naver_reserv\\dist","execPath":"C:\\Users\\82103\\Documents\\GitHub\\naver_reserv\\dist\\app.exe","node":"v20.18.3","platform":"win32"}
[2026-01-12T13:32:19.829Z] [INFO] logPath C:\Users\82103\Documents\GitHub\naver_reserv\dist\app.log
[2026-01-12T13:32:19.866Z] [INFO] naverReserv start
[2026-01-12T13:32:19.867Z] [INFO] creating WebDriver
[2026-01-12T13:32:19.868Z] [INFO] using chromedriver {"driverPath":"C:\\Users\\82103\\Documents\\GitHub\\naver_reserv\\dist\\chromedriver.exe","exists":true}
[2026-01-12T13:32:20.745Z] [INFO] navigating https://m.booking.naver.com/booking/6/bizes/551459/items/4033828?area=bmp&lang=ko&map-search=1&service-target=map-pc&startDate=2026-01-17&startDateTime=2026-01-17T16%3A00%3A00%2B09%3A00&theme=place
[2026-01-12T13:32:22.725Z] [INFO] page loaded
[2026-01-12T13:32:22.725Z] [INFO] scrolling to bottom
[2026-01-12T13:32:23.037Z] [INFO] waiting next button
[2026-01-12T13:32:28.481Z] [ERROR] naverReserv error Ps: invalid session id: session deleted as the browser has closed the connection
from disconnected: not connected to DevTools
  (Session info: chrome=143.0.7499.193)
    at Object.oC [as throwDecodedError] (C:\Users\82103\AppData\Local\Temp\2026012-1304-2ggyy3.gu22p.astra.cjs:23:28255)
    at UC (C:\Users\82103\AppData\Local\Temp\2026012-1304-2ggyy3.gu22p.astra.cjs:34:120)
    at Dc.execute (C:\Users\82103\AppData\Local\Temp\2026012-1304-2ggyy3.gu22p.astra.cjs:33:34)
    at process.processTicksAndRejections (node:internal/process/task_queues:95:5)
    at async bp.execute (C:\Users\82103\AppData\Local\Temp\2026012-1304-2ggyy3.gu22p.astra.cjs:60:1144)
    at async bp.findElements (C:\Users\82103\AppData\Local\Temp\2026012-1304-2ggyy3.gu22p.astra.cjs:62:1840)
[2026-01-12T13:32:28.489Z] [INFO] naverReserv finally
[2026-01-12T13:38:05.531Z] [INFO] process start {"argv":["C:\\Users\\82103\\Documents\\GitHub\\naver_reserv\\dist\\app.exe","C:\\Users\\82103\\Documents\\GitHub\\naver_reserv\\dist\\app.exe"],"cwd":"C:\\Users\\82103\\Documents\\GitHub\\naver_reserv\\dist","execPath":"C:\\Users\\82103\\Documents\\GitHub\\naver_reserv\\dist\\app.exe","node":"v20.18.3","platform":"win32"}
[2026-01-12T13:38:05.536Z] [INFO] logPath C:\Users\82103\Documents\GitHub\naver_reserv\dist\app.log
[2026-01-12T13:38:29.818Z] [INFO] naverReserv start
[2026-01-12T13:38:29.819Z] [INFO] creating WebDriver
[2026-01-12T13:38:29.820Z] [INFO] using chromedriver {"driverPath":"C:\\Users\\82103\\Documents\\GitHub\\naver_reserv\\dist\\chromedriver.exe","exists":true}
[2026-01-12T13:38:30.760Z] [INFO] navigating https://m.booking.naver.com/booking/6/bizes/551459/items/4033828?area=bmp&lang=ko&map-search=1&service-target=map-pc&startDate=2026-01-12&startDateTime=2026-01-12T12%3A00%3A00%2B09%3A00&theme=place
[2026-01-12T13:38:32.777Z] [INFO] page loaded
[2026-01-12T13:38:32.778Z] [INFO] scrolling to bottom
[2026-01-12T13:38:33.104Z] [INFO] waiting next button
[2026-01-12T13:38:43.193Z] [ERROR] naverReserv error Gs: Waiting for element to be located By(xpath, //*[@id="root"]/main/div[4]/div/button[2])
Wait timed out after 10088ms
    at C:\Users\82103\AppData\Local\Temp\2026012-18420-32q9wu.gvj0u.astra.cjs:61:548
    at process.processTicksAndRejections (node:internal/process/task_queues:95:5)
[2026-01-12T13:38:43.211Z] [INFO] naverReserv finally
[2026-01-12T13:43:46.725Z] [INFO] process start {"argv":["C:\\Users\\82103\\Documents\\GitHub\\naver_reserv\\dist\\app.exe","C:\\Users\\82103\\Documents\\GitHub\\naver_reserv\\dist\\app.exe"],"cwd":"C:\\Users\\82103\\Documents\\GitHub\\naver_reserv\\dist","execPath":"C:\\Users\\82103\\Documents\\GitHub\\naver_reserv\\dist\\app.exe","node":"v20.18.3","platform":"win32"}
[2026-01-12T13:43:46.732Z] [INFO] logPath C:\Users\82103\Documents\GitHub\naver_reserv\dist\app.log
[2026-01-12T13:43:58.958Z] [INFO] naverReserv start
[2026-01-12T13:43:58.959Z] [INFO] creating WebDriver
[2026-01-12T13:43:58.960Z] [INFO] using chromedriver {"driverPath":"C:\\Users\\82103\\Documents\\GitHub\\naver_reserv\\dist\\chromedriver.exe","exists":true}
[2026-01-12T13:43:59.919Z] [INFO] navigating https://m.booking.naver.com/booking/6/bizes/551459/items/4033828?area=bmp&lang=ko&map-search=1&service-target=map-pc&startDate=asdf&startDateTime=asdfTdf%3A00%2B09%3A00&theme=place
[2026-01-12T13:44:00.285Z] [INFO] page loaded
[2026-01-12T13:44:00.286Z] [INFO] scrolling to bottom
[2026-01-12T13:44:01.954Z] [INFO] waiting next button
[2026-01-12T13:44:02.855Z] [ERROR] naverReserv error Ws: no such window: target window already closed
from unknown error: web view not found
  (Session info: chrome=143.0.7499.193)
    at Object.sC [as throwDecodedError] (C:\Users\82103\AppData\Local\Temp\2026012-7380-dq85r3.cqcis.astra.cjs:23:28255)
    at FC (C:\Users\82103\AppData\Local\Temp\2026012-7380-dq85r3.cqcis.astra.cjs:34:120)
    at Dc.execute (C:\Users\82103\AppData\Local\Temp\2026012-7380-dq85r3.cqcis.astra.cjs:33:34)
    at process.processTicksAndRejections (node:internal/process/task_queues:95:5)
    at async bp.execute (C:\Users\82103\AppData\Local\Temp\2026012-7380-dq85r3.cqcis.astra.cjs:60:1144)
    at async bp.findElements (C:\Users\82103\AppData\Local\Temp\2026012-7380-dq85r3.cqcis.astra.cjs:62:1840)
[2026-01-12T13:44:02.864Z] [INFO] naverReserv finally
[2026-01-12T13:44:43.690Z] [INFO] process start {"argv":["C:\\Users\\82103\\Documents\\GitHub\\naver_reserv\\dist\\app.exe","C:\\Users\\82103\\Documents\\GitHub\\naver_reserv\\dist\\app.exe"],"cwd":"C:\\Users\\82103\\Documents\\GitHub\\naver_reserv\\dist","execPath":"C:\\Users\\82103\\Documents\\GitHub\\naver_reserv\\dist\\app.exe","node":"v20.18.3","platform":"win32"}
[2026-01-12T13:44:43.693Z] [INFO] logPath C:\Users\82103\Documents\GitHub\naver_reserv\dist\app.log
[2026-01-12T13:44:47.142Z] [INFO] naverReserv start
[2026-01-12T13:44:47.142Z] [INFO] creating WebDriver
[2026-01-12T13:44:47.144Z] [INFO] using chromedriver {"driverPath":"C:\\Users\\82103\\Documents\\GitHub\\naver_reserv\\dist\\chromedriver.exe","exists":true}
[2026-01-12T13:44:48.100Z] [INFO] navigating https://m.booking.naver.com/booking/6/bizes/551459/items/4033828?area=bmp&lang=ko&map-search=1&service-target=map-pc&startDate=&startDateTime=T%3A00%2B09%3A00&theme=place
[2026-01-12T13:44:48.480Z] [INFO] page loaded
[2026-01-12T13:44:48.481Z] [INFO] scrolling to bottom
[2026-01-12T13:44:50.661Z] [INFO] waiting next button
[2026-01-12T13:44:50.729Z] [ERROR] naverReserv error Ps: invalid session id: session deleted as the browser has closed the connection
from disconnected: not connected to DevTools
  (Session info: chrome=143.0.7499.193)
    at Object.sC [as throwDecodedError] (C:\Users\82103\AppData\Local\Temp\2026012-7380-dq85r3.cqcis.astra.cjs:23:28255)
    at FC (C:\Users\82103\AppData\Local\Temp\2026012-7380-dq85r3.cqcis.astra.cjs:34:120)
    at Dc.execute (C:\Users\82103\AppData\Local\Temp\2026012-7380-dq85r3.cqcis.astra.cjs:33:34)
    at process.processTicksAndRejections (node:internal/process/task_queues:95:5)
    at async bp.execute (C:\Users\82103\AppData\Local\Temp\2026012-7380-dq85r3.cqcis.astra.cjs:60:1144)
    at async bp.findElements (C:\Users\82103\AppData\Local\Temp\2026012-7380-dq85r3.cqcis.astra.cjs:62:1840)
[2026-01-12T13:44:50.752Z] [INFO] naverReserv finally
[2026-01-12T13:45:46.839Z] [INFO] process start {"argv":["C:\\Users\\82103\\Documents\\GitHub\\naver_reserv\\dist\\app.exe","C:\\Users\\82103\\Documents\\GitHub\\naver_reserv\\dist\\app.exe"],"cwd":"C:\\Users\\82103\\Documents\\GitHub\\naver_reserv\\dist","execPath":"C:\\Users\\82103\\Documents\\GitHub\\naver_reserv\\dist\\app.exe","node":"v20.18.3","platform":"win32"}
[2026-01-12T13:45:46.842Z] [INFO] logPath C:\Users\82103\Documents\GitHub\naver_reserv\dist\app.log
[2026-01-12T13:45:49.256Z] [INFO] naverReserv start
[2026-01-12T13:45:49.257Z] [INFO] creating WebDriver
[2026-01-12T13:45:49.258Z] [INFO] using chromedriver {"driverPath":"C:\\Users\\82103\\Documents\\GitHub\\naver_reserv\\dist\\chromedriver.exe","exists":true}
[2026-01-12T13:45:50.187Z] [INFO] navigating https://m.booking.naver.com/booking/6/bizes/551459/items/4033828?area=bmp&lang=ko&map-search=1&service-target=map-pc&startDate=df&startDateTime=dfTdf%3A00%2B09%3A00&theme=place
[2026-01-12T13:45:52.453Z] [INFO] page loaded
[2026-01-12T13:45:52.454Z] [INFO] scrolling to bottom
[2026-01-12T13:45:52.777Z] [INFO] waiting next button
[2026-01-12T13:48:19.023Z] [INFO] process start {"argv":["C:\\Users\\82103\\Documents\\GitHub\\naver_reserv\\dist\\app.exe","C:\\Users\\82103\\Documents\\GitHub\\naver_reserv\\dist\\app.exe"],"cwd":"C:\\Users\\82103\\Documents\\GitHub\\naver_reserv\\dist","execPath":"C:\\Users\\82103\\Documents\\GitHub\\naver_reserv\\dist\\app.exe","node":"v20.18.3","platform":"win32"}
[2026-01-12T13:48:19.028Z] [INFO] logPath C:\Users\82103\Documents\GitHub\naver_reserv\dist\app.log
[2026-01-12T13:48:39.126Z] [INFO] naverReserv start
[2026-01-12T13:48:39.126Z] [INFO] creating WebDriver
[2026-01-12T13:48:39.127Z] [INFO] using chromedriver {"driverPath":"C:\\Users\\82103\\Documents\\GitHub\\naver_reserv\\dist\\chromedriver.exe","exists":true}
[2026-01-12T13:48:40.111Z] [INFO] navigating https://m.booking.naver.com/booking/6/bizes/551459/items/4033828?area=bmp&lang=ko&map-search=1&service-target=map-pc&startDate=2026-01-15&startDateTime=2026-01-15T12%3A00%3A00%2B09%3A00&theme=place
[2026-01-12T13:48:42.220Z] [INFO] page loaded
[2026-01-12T13:48:42.221Z] [INFO] scrolling to bottom
[2026-01-12T13:48:42.567Z] [INFO] waiting next button
[2026-01-12T13:48:43.519Z] [ERROR] naverReserv error Ps: invalid session id: session deleted as the browser has closed the connection
from disconnected: not connected to DevTools
  (Session info: chrome=143.0.7499.193)
    at Object.sC [as throwDecodedError] (C:\Users\82103\AppData\Local\Temp\2026012-10204-mtau51.rbxon.astra.cjs:23:28255)
    at FC (C:\Users\82103\AppData\Local\Temp\2026012-10204-mtau51.rbxon.astra.cjs:34:120)
    at Mc.execute (C:\Users\82103\AppData\Local\Temp\2026012-10204-mtau51.rbxon.astra.cjs:33:34)
    at process.processTicksAndRejections (node:internal/process/task_queues:95:5)
    at async Sp.execute (C:\Users\82103\AppData\Local\Temp\2026012-10204-mtau51.rbxon.astra.cjs:60:1144)
    at async Sp.findElements (C:\Users\82103\AppData\Local\Temp\2026012-10204-mtau51.rbxon.astra.cjs:62:1840)
[2026-01-12T13:48:43.527Z] [INFO] naverReserv finally
